This is pdfTeX, Version 3.14159265-2.6-1.40.17 (TeX Live 2016/Arch Linux) (preloaded format=pdflatex 2017.3.19)  8 APR 2017 22:13
entering extended mode
 restricted \write18 enabled.
 %&-line parsing enabled.
**stopinsek_amon_63150273.tex
(./stopinsek_amon_63150273.tex
LaTeX2e <2016/03/31> patch level 3
Babel <3.9r> and hyphenation patterns for 83 language(s) loaded.
(/usr/share/texmf-dist/tex/latex/base/article.cls
Document Class: article 2014/09/29 v1.4h Standard LaTeX document class
(/usr/share/texmf-dist/tex/latex/base/size11.clo
File: size11.clo 2014/09/29 v1.4h Standard LaTeX file (size option)
)
\c@part=\count79
\c@section=\count80
\c@subsection=\count81
\c@subsubsection=\count82
\c@paragraph=\count83
\c@subparagraph=\count84
\c@figure=\count85
\c@table=\count86
\abovecaptionskip=\skip41
\belowcaptionskip=\skip42
\bibindent=\dimen102
)
(/usr/share/texmf-dist/tex/latex/a4wide/a4wide.sty
Package: a4wide 1994/08/30

(/usr/share/texmf-dist/tex/latex/ntgclass/a4.sty
Package: a4 2004/04/15 v1.2g A4 based page layout
))
(/usr/share/texmf-dist/tex/latex/preprint/fullpage.sty
Package: fullpage 1999/02/23 1.1 (PWD)
\FP@margin=\skip43
)
(/usr/share/texmf-dist/tex/latex/base/inputenc.sty
Package: inputenc 2015/03/17 v1.2c Input encoding file
\inpenc@prehook=\toks14
\inpenc@posthook=\toks15

(/usr/share/texmf-dist/tex/latex/ucs/utf8x.def
File: utf8x.def 2004/10/17 UCS: Input encoding UTF-8
))
(/usr/share/texmf-dist/tex/latex/ucs/ucs.sty
Package: ucs 2013/05/11 v2.2 UCS: Unicode input support

(/usr/share/texmf-dist/tex/latex/ucs/data/uni-global.def
File: uni-global.def 2013/05/13 UCS: Unicode global data
)
\uc@secondtry=\count87
\uc@combtoks=\toks16
\uc@combtoksb=\toks17
\uc@temptokena=\toks18
)
(/usr/share/texmf-dist/tex/generic/babel/babel.sty
Package: babel 2016/04/23 3.9r The Babel package

(/usr/share/texmf-dist/tex/generic/babel-slovenian/slovene.ldf
Language: slovene 2005/03/31 v1.2m Slovene support from the babel system

(/usr/share/texmf-dist/tex/generic/babel/babel.def
File: babel.def 2016/04/23 3.9r Babel common definitions
\babel@savecnt=\count88
\U@D=\dimen103
)
Package babel Info: Making " an active character on input line 79.
))
(/usr/share/texmf-dist/tex/latex/appendix/appendix.sty
Package: appendix 2009/09/02 v1.2b extra appendix facilities
\c@@pps=\count89
\c@@ppsavesec=\count90
\c@@ppsaveapp=\count91
)
(/usr/share/texmf-dist/tex/latex/graphics/graphicx.sty
Package: graphicx 2014/10/28 v1.0g Enhanced LaTeX Graphics (DPC,SPQR)

(/usr/share/texmf-dist/tex/latex/graphics/keyval.sty
Package: keyval 2014/10/28 v1.15 key=value parser (DPC)
\KV@toks@=\toks19
)
(/usr/share/texmf-dist/tex/latex/graphics/graphics.sty
Package: graphics 2016/07/10 v1.0t Standard LaTeX Graphics (DPC,SPQR)

(/usr/share/texmf-dist/tex/latex/graphics/trig.sty
Package: trig 2016/01/03 v1.10 sin cos tan (DPC)
)
(/usr/share/texmf-dist/tex/latex/graphics-cfg/graphics.cfg
File: graphics.cfg 2016/06/04 v1.11 sample graphics configuration
)
Package graphics Info: Driver file: pdftex.def on input line 99.

(/usr/share/texmf-dist/tex/latex/graphics-def/pdftex.def
File: pdftex.def 2016/07/10 v0.06j Graphics/color for pdfTeX

(/usr/share/texmf-dist/tex/generic/oberdiek/infwarerr.sty
Package: infwarerr 2016/05/16 v1.4 Providing info/warning/error messages (HO)
)
(/usr/share/texmf-dist/tex/generic/oberdiek/ltxcmds.sty
Package: ltxcmds 2016/05/16 v1.23 LaTeX kernel commands for general use (HO)
)
\Gread@gobject=\count92
))
\Gin@req@height=\dimen104
\Gin@req@width=\dimen105
)
(/usr/share/texmf-dist/tex/latex/setspace/setspace.sty
Package: setspace 2011/12/19 v6.7a set line spacing
)
(/usr/share/texmf-dist/tex/latex/graphics/color.sty
Package: color 2016/07/10 v1.1e Standard LaTeX Color (DPC)

(/usr/share/texmf-dist/tex/latex/graphics-cfg/color.cfg
File: color.cfg 2016/01/02 v1.6 sample color configuration
)
Package color Info: Driver file: pdftex.def on input line 147.
)
(/usr/share/texmf-dist/tex/latex/listings/listings.sty
\lst@mode=\count93
\lst@gtempboxa=\box26
\lst@token=\toks20
\lst@length=\count94
\lst@currlwidth=\dimen106
\lst@column=\count95
\lst@pos=\count96
\lst@lostspace=\dimen107
\lst@width=\dimen108
\lst@newlines=\count97
\lst@lineno=\count98
\lst@maxwidth=\dimen109

(/usr/share/texmf-dist/tex/latex/listings/lstmisc.sty
File: lstmisc.sty 2015/06/04 1.6 (Carsten Heinz)
\c@lstnumber=\count99
\lst@skipnumbers=\count100
\lst@framebox=\box27
)
(/usr/share/texmf-dist/tex/latex/listings/listings.cfg
File: listings.cfg 2015/06/04 1.6 listings configuration
))
Package: listings 2015/06/04 1.6 (Carsten Heinz)

(/usr/share/texmf-dist/tex/latex/hyperref/hyperref.sty
Package: hyperref 2016/06/24 v6.83q Hypertext links for LaTeX

(/usr/share/texmf-dist/tex/generic/oberdiek/hobsub-hyperref.sty
Package: hobsub-hyperref 2016/05/16 v1.14 Bundle oberdiek, subset hyperref (HO)


(/usr/share/texmf-dist/tex/generic/oberdiek/hobsub-generic.sty
Package: hobsub-generic 2016/05/16 v1.14 Bundle oberdiek, subset generic (HO)
Package: hobsub 2016/05/16 v1.14 Construct package bundles (HO)
Package hobsub Info: Skipping package `infwarerr' (already loaded).
Package hobsub Info: Skipping package `ltxcmds' (already loaded).
Package: ifluatex 2016/05/16 v1.4 Provides the ifluatex switch (HO)
Package ifluatex Info: LuaTeX not detected.
Package: ifvtex 2016/05/16 v1.6 Detect VTeX and its facilities (HO)
Package ifvtex Info: VTeX not detected.
Package: intcalc 2016/05/16 v1.2 Expandable calculations with integers (HO)
Package: ifpdf 2016/05/14 v3.1 Provides the ifpdf switch
Package: etexcmds 2016/05/16 v1.6 Avoid name clashes with e-TeX commands (HO)
Package etexcmds Info: Could not find \expanded.
(etexcmds)             That can mean that you are not using pdfTeX 1.50 or
(etexcmds)             that some package has redefined \expanded.
(etexcmds)             In the latter case, load this package earlier.
Package: kvsetkeys 2016/05/16 v1.17 Key value parser (HO)
Package: kvdefinekeys 2016/05/16 v1.4 Define keys (HO)
Package: pdftexcmds 2016/05/21 v0.22 Utility functions of pdfTeX for LuaTeX (HO
)
Package pdftexcmds Info: LuaTeX not detected.
Package pdftexcmds Info: \pdf@primitive is available.
Package pdftexcmds Info: \pdf@ifprimitive is available.
Package pdftexcmds Info: \pdfdraftmode found.
Package: pdfescape 2016/05/16 v1.14 Implements pdfTeX's escape features (HO)
Package: bigintcalc 2016/05/16 v1.4 Expandable calculations on big integers (HO
)
Package: bitset 2016/05/16 v1.2 Handle bit-vector datatype (HO)
Package: uniquecounter 2016/05/16 v1.3 Provide unlimited unique counter (HO)
)
Package hobsub Info: Skipping package `hobsub' (already loaded).
Package: letltxmacro 2016/05/16 v1.5 Let assignment for LaTeX macros (HO)
Package: hopatch 2016/05/16 v1.3 Wrapper for package hooks (HO)
Package: xcolor-patch 2016/05/16 xcolor patch
Package: atveryend 2016/05/16 v1.9 Hooks at the very end of document (HO)
Package atveryend Info: \enddocument detected (standard20110627).
Package: atbegshi 2016/06/09 v1.18 At begin shipout hook (HO)
Package: refcount 2016/05/16 v3.5 Data extraction from label references (HO)
Package: hycolor 2016/05/16 v1.8 Color options for hyperref/bookmark (HO)
)
(/usr/share/texmf-dist/tex/generic/ifxetex/ifxetex.sty
Package: ifxetex 2010/09/12 v0.6 Provides ifxetex conditional
)
(/usr/share/texmf-dist/tex/latex/oberdiek/auxhook.sty
Package: auxhook 2016/05/16 v1.4 Hooks for auxiliary files (HO)
)
(/usr/share/texmf-dist/tex/latex/oberdiek/kvoptions.sty
Package: kvoptions 2016/05/16 v3.12 Key value format for package options (HO)
)
\@linkdim=\dimen110
\Hy@linkcounter=\count101
\Hy@pagecounter=\count102

(/usr/share/texmf-dist/tex/latex/hyperref/pd1enc.def
File: pd1enc.def 2016/06/24 v6.83q Hyperref: PDFDocEncoding definition (HO)
)
\Hy@SavedSpaceFactor=\count103

(/usr/share/texmf-dist/tex/latex/latexconfig/hyperref.cfg
File: hyperref.cfg 2002/06/06 v1.2 hyperref configuration of TeXLive
)
Package hyperref Info: Hyper figures OFF on input line 4486.
Package hyperref Info: Link nesting OFF on input line 4491.
Package hyperref Info: Hyper index ON on input line 4494.
Package hyperref Info: Plain pages OFF on input line 4501.
Package hyperref Info: Backreferencing OFF on input line 4506.
Package hyperref Info: Implicit mode ON; LaTeX internals redefined.
Package hyperref Info: Bookmarks ON on input line 4735.
\c@Hy@tempcnt=\count104

(/usr/share/texmf-dist/tex/latex/url/url.sty
\Urlmuskip=\muskip10
Package: url 2013/09/16  ver 3.4  Verb mode for urls, etc.
)
LaTeX Info: Redefining \url on input line 5088.
\XeTeXLinkMargin=\dimen111
\Fld@menulength=\count105
\Field@Width=\dimen112
\Fld@charsize=\dimen113
Package hyperref Info: Hyper figures OFF on input line 6342.
Package hyperref Info: Link nesting OFF on input line 6347.
Package hyperref Info: Hyper index ON on input line 6350.
Package hyperref Info: backreferencing OFF on input line 6357.
Package hyperref Info: Link coloring OFF on input line 6362.
Package hyperref Info: Link coloring with OCG OFF on input line 6367.
Package hyperref Info: PDF/A mode OFF on input line 6372.
LaTeX Info: Redefining \ref on input line 6412.
LaTeX Info: Redefining \pageref on input line 6416.
\Hy@abspage=\count106
\c@Item=\count107
\c@Hfootnote=\count108
)

Package hyperref Message: Driver (autodetected): hpdftex.

(/usr/share/texmf-dist/tex/latex/hyperref/hpdftex.def
File: hpdftex.def 2016/06/24 v6.83q Hyperref driver for pdfTeX
\Fld@listcount=\count109
\c@bookmark@seq@number=\count110

(/usr/share/texmf-dist/tex/latex/oberdiek/rerunfilecheck.sty
Package: rerunfilecheck 2016/05/16 v1.8 Rerun checks for auxiliary files (HO)
Package uniquecounter Info: New unique counter `rerunfilecheck' on input line 2
82.
)
\Hy@SectionHShift=\skip44
)
(/usr/share/texmf-dist/tex/latex/amsfonts/amssymb.sty
Package: amssymb 2013/01/14 v3.01 AMS font symbols

(/usr/share/texmf-dist/tex/latex/amsfonts/amsfonts.sty
Package: amsfonts 2013/01/14 v3.01 Basic AMSFonts support
\@emptytoks=\toks21
\symAMSa=\mathgroup4
\symAMSb=\mathgroup5
LaTeX Font Info:    Overwriting math alphabet `\mathfrak' in version `bold'
(Font)                  U/euf/m/n --> U/euf/b/n on input line 106.
))
(/usr/share/texmf-dist/tex/latex/amsmath/amsmath.sty
Package: amsmath 2016/06/28 v2.15d AMS math features
\@mathmargin=\skip45

For additional information on amsmath, use the `?' option.
(/usr/share/texmf-dist/tex/latex/amsmath/amstext.sty
Package: amstext 2000/06/29 v2.01 AMS text

(/usr/share/texmf-dist/tex/latex/amsmath/amsgen.sty
File: amsgen.sty 1999/11/30 v2.0 generic functions
\@emptytoks=\toks22
\ex@=\dimen114
))
(/usr/share/texmf-dist/tex/latex/amsmath/amsbsy.sty
Package: amsbsy 1999/11/29 v1.2d Bold Symbols
\pmbraise@=\dimen115
)
(/usr/share/texmf-dist/tex/latex/amsmath/amsopn.sty
Package: amsopn 2016/03/08 v2.02 operator names
)
\inf@bad=\count111
LaTeX Info: Redefining \frac on input line 199.
\uproot@=\count112
\leftroot@=\count113
LaTeX Info: Redefining \overline on input line 297.
\classnum@=\count114
\DOTSCASE@=\count115
LaTeX Info: Redefining \ldots on input line 394.
LaTeX Info: Redefining \dots on input line 397.
LaTeX Info: Redefining \cdots on input line 518.
\Mathstrutbox@=\box28
\strutbox@=\box29
\big@size=\dimen116
LaTeX Font Info:    Redeclaring font encoding OML on input line 634.
LaTeX Font Info:    Redeclaring font encoding OMS on input line 635.
\macc@depth=\count116
\c@MaxMatrixCols=\count117
\dotsspace@=\muskip11
\c@parentequation=\count118
\dspbrk@lvl=\count119
\tag@help=\toks23
\row@=\count120
\column@=\count121
\maxfields@=\count122
\andhelp@=\toks24
\eqnshift@=\dimen117
\alignsep@=\dimen118
\tagshift@=\dimen119
\tagwidth@=\dimen120
\totwidth@=\dimen121
\lineht@=\dimen122
\@envbody=\toks25
\multlinegap=\skip46
\multlinetaggap=\skip47
\mathdisplay@stack=\toks26
LaTeX Info: Redefining \[ on input line 2739.
LaTeX Info: Redefining \] on input line 2740.
)
(/usr/share/texmf-dist/tex/latex/listings/lstlang1.sty
File: lstlang1.sty 2015/06/04 1.6 listings language file
)
No file stopinsek_amon_63150273.aux.
\openout1 = `stopinsek_amon_63150273.aux'.

LaTeX Font Info:    Checking defaults for OML/cmm/m/it on input line 40.
LaTeX Font Info:    ... okay on input line 40.
LaTeX Font Info:    Checking defaults for T1/cmr/m/n on input line 40.
LaTeX Font Info:    ... okay on input line 40.
LaTeX Font Info:    Checking defaults for OT1/cmr/m/n on input line 40.
LaTeX Font Info:    ... okay on input line 40.
LaTeX Font Info:    Checking defaults for OMS/cmsy/m/n on input line 40.
LaTeX Font Info:    ... okay on input line 40.
LaTeX Font Info:    Checking defaults for OMX/cmex/m/n on input line 40.
LaTeX Font Info:    ... okay on input line 40.
LaTeX Font Info:    Checking defaults for U/cmr/m/n on input line 40.
LaTeX Font Info:    ... okay on input line 40.
LaTeX Font Info:    Checking defaults for PD1/pdf/m/n on input line 40.
LaTeX Font Info:    ... okay on input line 40.
(/usr/share/texmf-dist/tex/latex/ucs/ucsencs.def
File: ucsencs.def 2011/01/21 Fixes to fontencodings LGR, T3
)
(/usr/share/texmf-dist/tex/context/base/mkii/supp-pdf.mkii
[Loading MPS to PDF converter (version 2006.09.02).]
\scratchcounter=\count123
\scratchdimen=\dimen123
\scratchbox=\box30
\nofMPsegments=\count124
\nofMParguments=\count125
\everyMPshowfont=\toks27
\MPscratchCnt=\count126
\MPscratchDim=\dimen124
\MPnumerator=\count127
\makeMPintoPDFobject=\count128
\everyMPtoPDFconversion=\toks28
) (/usr/share/texmf-dist/tex/latex/oberdiek/epstopdf-base.sty
Package: epstopdf-base 2016/05/15 v2.6 Base part for package epstopdf

(/usr/share/texmf-dist/tex/latex/oberdiek/grfext.sty
Package: grfext 2016/05/16 v1.2 Manage graphics extensions (HO)
)
Package epstopdf-base Info: Redefining graphics rule for `.eps' on input line 4
38.
Package grfext Info: Graphics extension search list:
(grfext)             [.png,.pdf,.jpg,.mps,.jpeg,.jbig2,.jb2,.PNG,.PDF,.JPG,.JPE
G,.JBIG2,.JB2,.eps]
(grfext)             \AppendGraphicsExtensions on input line 456.

(/usr/share/texmf-dist/tex/latex/latexconfig/epstopdf-sys.cfg
File: epstopdf-sys.cfg 2010/07/13 v1.3 Configuration of (r)epstopdf for TeX Liv
e
))
\c@lstlisting=\count129
\AtBeginShipoutBox=\box31
Package hyperref Info: Link coloring OFF on input line 40.

(/usr/share/texmf-dist/tex/latex/hyperref/nameref.sty
Package: nameref 2016/05/21 v2.44 Cross-referencing by name of section

(/usr/share/texmf-dist/tex/generic/oberdiek/gettitlestring.sty
Package: gettitlestring 2016/05/16 v1.5 Cleanup title references (HO)
)
\c@section@level=\count130
)
LaTeX Info: Redefining \ref on input line 40.
LaTeX Info: Redefining \pageref on input line 40.
LaTeX Info: Redefining \nameref on input line 40.
\@outlinefile=\write3
\openout3 = `stopinsek_amon_63150273.out'.

LaTeX Font Info:    Try loading font information for U+msa on input line 43.

(/usr/share/texmf-dist/tex/latex/amsfonts/umsa.fd
File: umsa.fd 2013/01/14 v3.01 AMS symbols A
)
LaTeX Font Info:    Try loading font information for U+msb on input line 43.

(/usr/share/texmf-dist/tex/latex/amsfonts/umsb.fd
File: umsb.fd 2013/01/14 v3.01 AMS symbols B
)
(/usr/share/texmf-dist/tex/latex/ucs/data/uni-1.def
File: uni-1.def 2013/05/13 UCS: Unicode data U+0100..U+01FF
)
Package babel Info: Redefining slovene shorthand "|
(babel)             in language  on input line 44.
Package babel Info: Redefining slovene shorthand "|
(babel)             in language  on input line 53.
Package babel Info: Redefining slovene shorthand "|
(babel)             in language  on input line 66.
Package babel Info: Redefining slovene shorthand "|
(babel)             in language  on input line 101.


LaTeX Warning: Reference `tab2' on page 1 undefined on input line 103.

LaTeX Font Info:    Font shape `OT1/cmtt/bx/n' in size <9> not available
(Font)              Font shape `OT1/cmtt/m/n' tried instead on input line 108.

LaTeX Warning: Reference `slika1' on page 1 undefined on input line 137.

Package babel Info: Redefining slovene shorthand "|
(babel)             in language  on input line 138.
Package babel Info: Redefining slovene shorthand "|
(babel)             in language  on input line 138.
[1

{/var/lib/texmf/fonts/map/pdftex/updmap/pdftex.map}]
<porazdelitevPrva.png, id=26, 578.16pt x 397.485pt>
File: porazdelitevPrva.png Graphic file (type png)
 <use porazdelitevPrva.png>
Package pdftex.def Info: porazdelitevPrva.png used on input line 145.
(pdftex.def)             Requested size: 404.70924pt x 278.2376pt.
Package babel Info: Redefining slovene shorthand "|
(babel)             in language  on input line 151.


Package hyperref Warning: Composite letter `\textasciicaron+c'
(hyperref)                not defined in PD1 encoding,
(hyperref)                removing `\textasciicaron' on input line 151.


LaTeX Warning: Reference `slika7' on page 2 undefined on input line 159.

Package babel Info: Redefining slovene shorthand "|
(babel)             in language  on input line 163.
Package babel Info: Redefining slovene shorthand "|
(babel)             in language  on input line 163.
[2 <./porazdelitevPrva.png>]
Package babel Info: Redefining slovene shorthand "|
(babel)             in language  on input line 163.
Package babel Info: Redefining slovene shorthand "|
(babel)             in language  on input line 196.


LaTeX Warning: Reference `slika2' on page 3 undefined on input line 199.

<porazdelitev.png, id=39, 578.16pt x 397.485pt>
File: porazdelitev.png Graphic file (type png)
 <use porazdelitev.png>
Package pdftex.def Info: porazdelitev.png used on input line 203.
(pdftex.def)             Requested size: 404.70924pt x 278.2376pt.


LaTeX Warning: Reference `slika2' on page 3 undefined on input line 209.


Overfull \hbox (6.30072pt too wide) in paragraph at lines 213--214
[][][][][][][][][][] 
 []


LaTeX Warning: Reference `slika5' on page 3 undefined on input line 217.


LaTeX Warning: Reference `slika4' on page 3 undefined on input line 219.

<porazdelitevBeta.png, id=41, 578.16pt x 397.485pt>
File: porazdelitevBeta.png Graphic file (type png)
 <use porazdelitevBeta.png>
Package pdftex.def Info: porazdelitevBeta.png used on input line 224.
(pdftex.def)             Requested size: 404.70924pt x 278.2376pt.


LaTeX Warning: Reference `tab3' on page 3 undefined on input line 231.

Package babel Info: Redefining slovene shorthand "|
(babel)             in language  on input line 255.
Package babel Info: Redefining slovene shorthand "|
(babel)             in language  on input line 255.
[3 <./porazdelitev.png>]
Package babel Info: Redefining slovene shorthand "|
(babel)             in language  on input line 257.


Package hyperref Warning: Composite letter `\textasciicaron+c'
(hyperref)                not defined in PD1 encoding,
(hyperref)                removing `\textasciicaron' on input line 257.


LaTeX Warning: Reference `tab4' on page 4 undefined on input line 262.


LaTeX Warning: Reference `slika5' on page 4 undefined on input line 266.


LaTeX Warning: Reference `slika6' on page 4 undefined on input line 266.

<k-means-silhuette.png, id=55, 279.29344pt x 329.73187pt>
File: k-means-silhuette.png Graphic file (type png)

<use k-means-silhuette.png>
Package pdftex.def Info: k-means-silhuette.png used on input line 272.
(pdftex.def)             Requested size: 195.50407pt x 230.81071pt.

<hirearhicno-silhuette.png, id=56, 279.29344pt x 327.47343pt>
File: hirearhicno-silhuette.png Graphic file (type png)

<use hirearhicno-silhuette.png>
Package pdftex.def Info: hirearhicno-silhuette.png used on input line 280.
(pdftex.def)             Requested size: 195.50407pt x 229.22984pt.
Package babel Info: Redefining slovene shorthand "|
(babel)             in language  on input line 288.
Package babel Info: Redefining slovene shorthand "|
(babel)             in language  on input line 288.
 [4 <./porazdelitevBeta.png>]
Package babel Info: Redefining slovene shorthand "|
(babel)             in language  on input line 288.
Package babel Info: Redefining slovene shorthand "|
(babel)             in language  on input line 288.
 [5 <./k-means-silhuette.png (PNG copy)>]
Package babel Info: Redefining slovene shorthand "|
(babel)             in language  on input line 289.


Package hyperref Warning: Composite letter `\textasciicaron+c'
(hyperref)                not defined in PD1 encoding,
(hyperref)                removing `\textasciicaron' on input line 289.

Package babel Info: Redefining slovene shorthand "|
(babel)             in language  on input line 293.
Package babel Info: Redefining slovene shorthand "|
(babel)             in language  on input line 294.
<porazdelitevNormalna.png, id=70, 578.16pt x 397.485pt>
File: porazdelitevNormalna.png Graphic file (type png)

<use porazdelitevNormalna.png>
Package pdftex.def Info: porazdelitevNormalna.png used on input line 303.
(pdftex.def)             Requested size: 404.70924pt x 278.2376pt.

<porazdelitevStudent.png, id=71, 578.16pt x 397.485pt>
File: porazdelitevStudent.png Graphic file (type png)

<use porazdelitevStudent.png>
Package pdftex.def Info: porazdelitevStudent.png used on input line 312.
(pdftex.def)             Requested size: 404.70924pt x 278.2376pt.

<hirearhicno.png, id=72, 654.19406pt x 381.67593pt>
File: hirearhicno.png Graphic file (type png)
 <use hirearhicno.png>
Package pdftex.def Info: hirearhicno.png used on input line 320.
(pdftex.def)             Requested size: 457.93272pt x 267.17133pt.

Overfull \hbox (4.96483pt too wide) in paragraph at lines 320--321
 [] 
 []


Underfull \hbox (badness 10000) in paragraph at lines 332--333
[]\OT1/cmr/m/n/10.95 ^^Tstevilo
 []

Package babel Info: Redefining slovene shorthand "|
(babel)             in language  on input line 351.
Package atveryend Info: Empty hook `BeforeClearDocument' on input line 381.
Package babel Info: Redefining slovene shorthand "|
(babel)             in language  on input line 381.
Package babel Info: Redefining slovene shorthand "|
(babel)             in language  on input line 381.
[6 <./hirearhicno-silhuette.png (PNG copy)>]
Package babel Info: Redefining slovene shorthand "|
(babel)             in language  on input line 381.
Package babel Info: Redefining slovene shorthand "|
(babel)             in language  on input line 381.
 [7 <./porazdelitevNormalna.png> <./porazdelitevStudent.png>]
Package babel Info: Redefining slovene shorthand "|
(babel)             in language  on input line 381.
Package babel Info: Redefining slovene shorthand "|
(babel)             in language  on input line 381.
 [8 <./hirearhicno.png (PNG copy)>]
Package atveryend Info: Empty hook `AfterLastShipout' on input line 381.

(./stopinsek_amon_63150273.aux)
Package atveryend Info: Executing hook `AtVeryEndDocument' on input line 381.
Package atveryend Info: Executing hook `AtEndAfterFileList' on input line 381.


Package rerunfilecheck Warning: File `stopinsek_amon_63150273.out' has changed.

(rerunfilecheck)                Rerun to get outlines right
(rerunfilecheck)                or use package `bookmark'.

Package rerunfilecheck Info: Checksums for `stopinsek_amon_63150273.out':
(rerunfilecheck)             Before: <no file>
(rerunfilecheck)             After:  B9930C9D9F2597E30026707F0BE42421;655.

LaTeX Warning: There were undefined references.


LaTeX Warning: Label(s) may have changed. Rerun to get cross-references right.

Package atveryend Info: Empty hook `AtVeryVeryEnd' on input line 381.
 ) 
Here is how much of TeX's memory you used:
 9329 strings out of 493013
 129140 string characters out of 6139317
 247658 words of memory out of 5000000
 12702 multiletter control sequences out of 15000+600000
 12293 words of font info for 47 fonts, out of 8000000 for 9000
 1141 hyphenation exceptions out of 8191
 29i,11n,40p,434b,1237s stack positions out of 5000i,500n,10000p,200000b,80000s
</usr/share/texmf-dist/fonts/type1/public/amsfonts/cm/cmbx10.pfb></usr/share/
texmf-dist/fonts/type1/public/amsfonts/cm/cmbx12.pfb></usr/share/texmf-dist/fon
ts/type1/public/amsfonts/cm/cmr10.pfb></usr/share/texmf-dist/fonts/type1/public
/amsfonts/cm/cmr12.pfb></usr/share/texmf-dist/fonts/type1/public/amsfonts/cm/cm
r17.pfb></usr/share/texmf-dist/fonts/type1/public/amsfonts/cm/cmtt9.pfb>
Output written on stopinsek_amon_63150273.pdf (8 pages, 307314 bytes).
PDF statistics:
 130 PDF objects out of 1000 (max. 8388607)
 100 compressed objects within 1 object stream
 44 named destinations out of 1000 (max. 500000)
 41 words of extra memory for PDF output out of 10000 (max. 10000000)

